<?xml version="1.0" encoding="UTF-8"?>
<Site BuildName="Win32-MSBuild"
	BuildStamp="20231027-1412-Experimental"
	Name="LAPTOP-5HVP0ER0"
	Generator="ctest-3.28.0-rc2"
	CompilerName="C:/Program Files/Microsoft Visual Studio/2022/Community/VC/Tools/MSVC/14.37.32822/bin/Hostx64/x64/cl.exe"
	CompilerVersion="19.37.32825.0"
	OSName="Windows"
	Hostname="LAPTOP-5HVP0ER0"
	OSRelease=" Personal"
	OSVersion=" (Build 22621)"
	OSPlatform="AMD64"
	Is64Bits="1"
	VendorString="GenuineIntel"
	VendorID="Intel Corporation"
	FamilyID="6"
	ModelID="12"
	ProcessorCacheSize="-1"
	NumberOfLogicalCPU="8"
	NumberOfPhysicalCPU="4"
	TotalVirtualMemory="19278"
	TotalPhysicalMemory="16078"
	LogicalProcessorsPerPhysical="2"
	ProcessorClockFrequency="2803"
	>
	<Testing>
		<StartDateTime>Oct 27 15:48 Hora de Ver[NON-UTF-8-BYTE-0xE3]o de GMT</StartDateTime>
		<StartTestTime>1698418101</StartTestTime>
		<TestList/>
		<EndDateTime>Oct 27 15:48 Hora de Ver[NON-UTF-8-BYTE-0xE3]o de GMT</EndDateTime>
		<EndTestTime>1698418101</EndTestTime>
		<ElapsedMinutes>0</ElapsedMinutes>
	</Testing>
</Site>
